            --------------------------------------------------------
                             AMBER SQM VERSION 19
 
                                     By
              Ross C. Walker, Michael F. Crowley, Scott Brozell,
                         Tim Giese, Andreas W. Goetz,
                        Tai-Sung Lee and David A. Case
 
            --------------------------------------------------------
 

--------------------------------------------------------------------------------
  QM CALCULATION INFO
--------------------------------------------------------------------------------

| QMMM: Citation for AMBER QMMM Run:
| QMMM: R.C. Walker, M.F. Crowley and D.A. Case, J. COMP. CHEM. 29:1019, 2008

QMMM: SINGLET STATE CALCULATION
QMMM: RHF CALCULATION, NO. OF DOUBLY OCCUPIED LEVELS = 32

| QMMM: *** Selected Hamiltonian *** 
| QMMM: AM1         

| QMMM: *** Parameter sets in use ***
| QMMM: Zn: M.J.S.DEWAR et al. ORGANOMETALLICS, 7, 522, (1988)
| QMMM: S : M.J.S.DEWAR et al. INORG. CHEM., 29, 3881, (1990)

| QMMM: *** SCF convergence criteria ***
| QMMM: Energy change                :  0.1D-09 kcal/mol
| QMMM: Error matrix |FP-PF|         :  0.1D+00 au
| QMMM: Density matrix change        :  0.5D-06
| QMMM: Maximum number of SCF cycles :     1000

| QMMM: *** Diagonalization Routine Information ***
| QMMM: Pseudo diagonalizations are allowed.
| QMMM: Auto diagonalization routine selection is in use.
| QMMM:
| QMMM: Timing diagonalization routines:
| QMMM:                              norbs =       64
| QMMM:    diag iterations used for timing =       15
| QMMM:
| QMMM:              Internal diag routine = 0.005635 seconds
| QMMM:                 Dspev diag routine = 0.034877 seconds
| QMMM:                Dspevd diag routine = 0.027740 seconds
| QMMM:                Dspevx diag routine = 0.047595 seconds
| QMMM:                 Dsyev diag routine = 0.051258 seconds
| QMMM:                Dsyevd diag routine = 0.069063 seconds
| QMMM:                Dsyevr diag routine = 0.051057 seconds
| QMMM:
| QMMM:                Pseudo diag routine = 0.002147 seconds
| QMMM:
| QMMM: Using internal diagonalization routine (diag_routine=1).

  QMMM: QM Region Cartesian Coordinates (*=link atom) 
  QMMM: QM_NO.   MM_NO.  ATOM         X         Y         Z
  QMMM:     1        1      Zn       0.0000    0.0000    0.0000
  QMMM:     2        2      Zn       1.9050    1.1000    3.1100
  QMMM:     3        3      Zn       1.9050    3.2990    0.0000
  QMMM:     4        4      Zn       3.8090    4.3990    3.1100
  QMMM:     5        5      Zn       3.8090    0.0000    0.0000
  QMMM:     6        6      Zn       5.7140    1.1000    3.1100
  QMMM:     7        7      Zn       5.7140    3.2990    0.0000
  QMMM:     8        8      Zn       7.6190    4.3990    3.1100
  QMMM:     9        9      S        1.9050    1.1000    0.7780
  QMMM:    10       10      S        3.8090    2.1990    3.8880
  QMMM:    11       11      S        3.8090    4.3990    0.7780
  QMMM:    12       12      S        5.7140    5.4980    3.8880
  QMMM:    13       13      S        5.7140    1.1000    0.7780
  QMMM:    14       14      S        7.6190    2.1990    3.8880
  QMMM:    15       15      S        7.6190    4.3990    0.7780
  QMMM:    16       16      S        9.5240    5.4980    3.8880

--------------------------------------------------------------------------------
  RESULTS
--------------------------------------------------------------------------------

      iter         sqm energy              rms gradient
      ----    -------------------    -----------------------
xmin    10       59.0094 kcal/mol        5.3934 kcal/(mol*A)
xmin    20       -4.5835 kcal/mol        1.9146 kcal/(mol*A)
xmin    30      -33.4177 kcal/mol        5.8919 kcal/(mol*A)
xmin    40      -54.0403 kcal/mol        1.1807 kcal/(mol*A)
xmin    50      -70.7318 kcal/mol        4.7964 kcal/(mol*A)
xmin    60      -82.1356 kcal/mol        1.0463 kcal/(mol*A)
xmin    70      -84.6121 kcal/mol        0.4747 kcal/(mol*A)
xmin    80      -84.6425 kcal/mol        0.0176 kcal/(mol*A)
xmin    90      -84.6426 kcal/mol        0.0013 kcal/(mol*A)
  ... geometry converged !
 
 Final MO eigenvalues (eV):
 -21.9557  -21.8489  -20.5318  -19.6973  -19.0898  -18.9171  -18.4775  -17.6007
 -16.1013  -15.7052  -14.9391  -14.8190  -14.2480  -13.9985  -13.7624  -13.3630
 -13.1514  -12.5976  -12.5393  -12.2509  -12.1589  -11.8738  -11.6729  -11.2539
 -11.1399  -10.9255  -10.6615  -10.4490  -10.1194   -9.3855   -9.2080   -9.0580
  -3.4627   -2.4994   -2.4126   -2.3697   -2.1121   -2.0598   -1.9770   -1.8276
  -0.3967   -0.1960   -0.0049    0.0319    0.3143    0.5284    0.9317    1.7118
   2.3112    2.3898    2.4875    2.8891    3.0524    3.2758    3.4215    3.7502
   3.8079    3.9507    4.0388    4.1427    4.9019    4.9823    5.3034    5.7966


 Heat of formation   =        -84.64256305 kcal/mol  (       -3.67037696 eV)

 Total SCF energy    =     -41823.79097704 kcal/mol  (    -1813.61567048 eV)
 Electronic energy   =    -193995.95435655 kcal/mol  (    -8412.29583958 eV)
 Core-core repulsion =     152172.16337951 kcal/mol  (     6598.68016910 eV)
 
    Atomic Charges for Step       1 :
  Atom    Element       Mulliken Charge
     1      Zn                 0.094
     2      Zn                 0.528
     3      Zn                 0.482
     4      Zn                 0.549
     5      Zn                 0.473
     6      Zn                -0.037
     7      Zn                 0.503
     8      Zn                 0.525
     9      S                 -0.419
    10      S                 -0.513
    11      S                 -0.618
    12      S                  0.189
    13      S                 -0.473
    14      S                 -0.543
    15      S                 -0.462
    16      S                 -0.279
 Total Mulliken Charge =      -0.000
 
                  X        Y        Z     TOTAL  
  QM DIPOLE    -2.413   -1.642    0.135    2.922
 
 Final Structure

  QMMM: QM Region Cartesian Coordinates (*=link atom) 
  QMMM: QM_NO.   MM_NO.  ATOM         X         Y         Z
  QMMM:     1        1      Zn       2.9535    0.0716    2.3364
  QMMM:     2        2      Zn       2.5655    2.7327    2.4299
  QMMM:     3        3      Zn       4.2300    3.6611    0.3168
  QMMM:     4        4      Zn       5.3486    2.7814    4.1368
  QMMM:     5        5      Zn       3.2516    0.9566    0.1088
  QMMM:     6        6      Zn       4.7954    1.7014    1.9307
  QMMM:     7        7      Zn       6.6253    1.6512    0.3194
  QMMM:     8        8      Zn       6.7257    4.0800    1.9663
  QMMM:     9        9      S        1.9254    2.9328    0.0799
  QMMM:    10       10      S        3.2939    1.6145    4.4375
  QMMM:    11       11      S        4.1676    4.7182    2.6353
  QMMM:    12       12      S        4.8067    6.3659    3.8391
  QMMM:    13       13      S        5.2683   -0.2028   -0.0664
  QMMM:    14       14      S        7.2912    1.8739    2.8085
  QMMM:    15       15      S        6.4905    3.9447   -0.4244
  QMMM:    16       16      S        6.4486    5.1048    4.2494

           --------- Calculation Completed ----------

